[    2123ms] [WARNING] [@storybook/addon-onboarding] It seems like you have finished the onboarding experience in Storybook! Therefore this addon is not necessary anymore and will not be loaded. You are free to remove it from your project. More info: https://github.com/storybookjs/storybook/tree/next/code/addons/onboarding#uninstalling @ http://localhost:6006/sb-addons/onboarding-5/manager-bundle.js:6514
[  656086ms] [ERROR] %o

%s

%s
 Error: Expected component `ComponentPreview` to be defined: you likely forgot to import, pass, or provide it.
    at _missingMdxReference (http://localhost:6006/src/components/checkbox/checkbox.mdx:43:9)
    at _createMdxContent (http://localhost:6006/src/components/checkbox/checkbox.mdx:12:26)
    at MDXContent (http://localhost:6006/src/components/checkbox/checkbox.mdx:40:8)
    at Object.react_stack_bottom_frame (http://localhost:6006/node_modules/.cache/storybook/10.2.19/44b050a47a938315b300e34da6f26609e12a06f8b0ac8c5901348e7b0cc187ed/sb-vite/deps/chunk-QBNVDZKW.js?v=fd9112b8:19863:20)
    at renderWithHooks (http://localhost:6006/node_modules/.cache/storybook/10.2.19/44b050a47a938315b300e34da6f26609e12a06f8b0ac8c5901348e7b0cc187ed/sb-vite/deps/chunk-QBNVDZKW.js?v=fd9112b8:5884:24)
    at updateFunctionComponent (http://localhost:6006/node_modules/.cache/storybook/10.2.19/44b050a47a938315b300e34da6f26609e12a06f8b0ac8c5901348e7b0cc187ed/sb-vite/deps/chunk-QBNVDZKW.js?v=fd9112b8:7716:21)
    at beginWork (http://localhost:6006/node_modules/.cache/storybook/10.2.19/44b050a47a938315b300e34da6f26609e12a06f8b0ac8c5901348e7b0cc187ed/sb-vite/deps/chunk-QBNVDZKW.js?v=fd9112b8:8778:20)
    at runWithFiberInDEV (http://localhost:6006/node_modules/.cache/storybook/10.2.19/44b050a47a938315b300e34da6f26609e12a06f8b0ac8c5901348e7b0cc187ed/sb-vite/deps/chunk-QBNVDZKW.js?v=fd9112b8:1084:72)
    at performUnitOfWork (http://localhost:6006/node_modules/.cache/storybook/10.2.19/44b050a47a938315b300e34da6f26609e12a06f8b0ac8c5901348e7b0cc187ed/sb-vite/deps/chunk-QBNVDZKW.js?v=fd9112b8:13469:98)
    at workLoopSync (http://localhost:6006/node_modules/.cache/storybook/10.2.19/44b050a47a938315b300e34da6f26609e12a06f8b0ac8c5901348e7b0cc187ed/sb-vite/deps/chunk-QBNVDZKW.js?v=fd9112b8:13332:43) The above error occurred in the <MDXContent> component. React will try to recreate this component tree from scratch using the error boundary you provided, ErrorBoundary. @ http://localhost:6006/@fs/Users/vyductan/Developer/vyductan/vyductan-react/node_modules/@storybook/nextjs-vite/dist/_browser-chunks/chunk-4ZRKYE2G.js?v=fd9112b8:167
[  656099ms] [ERROR] Error rendering story 'components-checkbox--docs': @ http://localhost:6006/@fs/Users/vyductan/Developer/vyductan/vyductan-react/node_modules/@storybook/nextjs-vite/dist/_browser-chunks/chunk-4ZRKYE2G.js?v=fd9112b8:167
[  656099ms] [ERROR] Error: Expected component `ComponentPreview` to be defined: you likely forgot to import, pass, or provide it.
    at _missingMdxReference (http://localhost:6006/src/components/checkbox/checkbox.mdx:43:9)
    at _createMdxContent (http://localhost:6006/src/components/checkbox/checkbox.mdx:12:26)
    at MDXContent (http://localhost:6006/src/components/checkbox/checkbox.mdx:40:8)
    at Object.react_stack_bottom_frame (http://localhost:6006/node_modules/.cache/storybook/10.2.19/44b050a47a938315b300e34da6f26609e12a06f8b0ac8c5901348e7b0cc187ed/sb-vite/deps/chunk-QBNVDZKW.js?v=fd9112b8:19863:20)
    at renderWithHooks (http://localhost:6006/node_modules/.cache/storybook/10.2.19/44b050a47a938315b300e34da6f26609e12a06f8b0ac8c5901348e7b0cc187ed/sb-vite/deps/chunk-QBNVDZKW.js?v=fd9112b8:5884:24)
    at updateFunctionComponent (http://localhost:6006/node_modules/.cache/storybook/10.2.19/44b050a47a938315b300e34da6f26609e12a06f8b0ac8c5901348e7b0cc187ed/sb-vite/deps/chunk-QBNVDZKW.js?v=fd9112b8:7716:21)
    at beginWork (http://localhost:6006/node_modules/.cache/storybook/10.2.19/44b050a47a938315b300e34da6f26609e12a06f8b0ac8c5901348e7b0cc187ed/sb-vite/deps/chunk-QBNVDZKW.js?v=fd9112b8:8778:20)
    at runWithFiberInDEV (http://localhost:6006/node_modules/.cache/storybook/10.2.19/44b050a47a938315b300e34da6f26609e12a06f8b0ac8c5901348e7b0cc187ed/sb-vite/deps/chunk-QBNVDZKW.js?v=fd9112b8:1084:72)
    at performUnitOfWork (http://localhost:6006/node_modules/.cache/storybook/10.2.19/44b050a47a938315b300e34da6f26609e12a06f8b0ac8c5901348e7b0cc187ed/sb-vite/deps/chunk-QBNVDZKW.js?v=fd9112b8:13469:98)
    at workLoopSync (http://localhost:6006/node_modules/.cache/storybook/10.2.19/44b050a47a938315b300e34da6f26609e12a06f8b0ac8c5901348e7b0cc187ed/sb-vite/deps/chunk-QBNVDZKW.js?v=fd9112b8:13332:43) @ http://localhost:6006/@fs/Users/vyductan/Developer/vyductan/vyductan-react/node_modules/@storybook/nextjs-vite/dist/_browser-chunks/chunk-4ZRKYE2G.js?v=fd9112b8:167
[  680642ms] [ERROR] %o

%s

%s
 Error: Expected component `ComponentPreview` to be defined: you likely forgot to import, pass, or provide it.
    at _missingMdxReference (http://localhost:6006/src/components/checkbox/checkbox.mdx:43:9)
    at _createMdxContent (http://localhost:6006/src/components/checkbox/checkbox.mdx:12:26)
    at MDXContent (http://localhost:6006/src/components/checkbox/checkbox.mdx:40:8)
    at Object.react_stack_bottom_frame (http://localhost:6006/node_modules/.cache/storybook/10.2.19/44b050a47a938315b300e34da6f26609e12a06f8b0ac8c5901348e7b0cc187ed/sb-vite/deps/chunk-QBNVDZKW.js?v=fd9112b8:19863:20)
    at renderWithHooks (http://localhost:6006/node_modules/.cache/storybook/10.2.19/44b050a47a938315b300e34da6f26609e12a06f8b0ac8c5901348e7b0cc187ed/sb-vite/deps/chunk-QBNVDZKW.js?v=fd9112b8:5884:24)
    at updateFunctionComponent (http://localhost:6006/node_modules/.cache/storybook/10.2.19/44b050a47a938315b300e34da6f26609e12a06f8b0ac8c5901348e7b0cc187ed/sb-vite/deps/chunk-QBNVDZKW.js?v=fd9112b8:7716:21)
    at beginWork (http://localhost:6006/node_modules/.cache/storybook/10.2.19/44b050a47a938315b300e34da6f26609e12a06f8b0ac8c5901348e7b0cc187ed/sb-vite/deps/chunk-QBNVDZKW.js?v=fd9112b8:8778:20)
    at runWithFiberInDEV (http://localhost:6006/node_modules/.cache/storybook/10.2.19/44b050a47a938315b300e34da6f26609e12a06f8b0ac8c5901348e7b0cc187ed/sb-vite/deps/chunk-QBNVDZKW.js?v=fd9112b8:1084:72)
    at performUnitOfWork (http://localhost:6006/node_modules/.cache/storybook/10.2.19/44b050a47a938315b300e34da6f26609e12a06f8b0ac8c5901348e7b0cc187ed/sb-vite/deps/chunk-QBNVDZKW.js?v=fd9112b8:13469:98)
    at workLoopSync (http://localhost:6006/node_modules/.cache/storybook/10.2.19/44b050a47a938315b300e34da6f26609e12a06f8b0ac8c5901348e7b0cc187ed/sb-vite/deps/chunk-QBNVDZKW.js?v=fd9112b8:13332:43) The above error occurred in the <MDXContent> component. React will try to recreate this component tree from scratch using the error boundary you provided, ErrorBoundary. @ http://localhost:6006/@fs/Users/vyductan/Developer/vyductan/vyductan-react/node_modules/@storybook/nextjs-vite/dist/_browser-chunks/chunk-4ZRKYE2G.js?v=fd9112b8:167
[  680643ms] [ERROR] Error rendering story 'components-checkbox--docs': @ http://localhost:6006/@fs/Users/vyductan/Developer/vyductan/vyductan-react/node_modules/@storybook/nextjs-vite/dist/_browser-chunks/chunk-4ZRKYE2G.js?v=fd9112b8:167
[  680643ms] [ERROR] Error: Expected component `ComponentPreview` to be defined: you likely forgot to import, pass, or provide it.
    at _missingMdxReference (http://localhost:6006/src/components/checkbox/checkbox.mdx:43:9)
    at _createMdxContent (http://localhost:6006/src/components/checkbox/checkbox.mdx:12:26)
    at MDXContent (http://localhost:6006/src/components/checkbox/checkbox.mdx:40:8)
    at Object.react_stack_bottom_frame (http://localhost:6006/node_modules/.cache/storybook/10.2.19/44b050a47a938315b300e34da6f26609e12a06f8b0ac8c5901348e7b0cc187ed/sb-vite/deps/chunk-QBNVDZKW.js?v=fd9112b8:19863:20)
    at renderWithHooks (http://localhost:6006/node_modules/.cache/storybook/10.2.19/44b050a47a938315b300e34da6f26609e12a06f8b0ac8c5901348e7b0cc187ed/sb-vite/deps/chunk-QBNVDZKW.js?v=fd9112b8:5884:24)
    at updateFunctionComponent (http://localhost:6006/node_modules/.cache/storybook/10.2.19/44b050a47a938315b300e34da6f26609e12a06f8b0ac8c5901348e7b0cc187ed/sb-vite/deps/chunk-QBNVDZKW.js?v=fd9112b8:7716:21)
    at beginWork (http://localhost:6006/node_modules/.cache/storybook/10.2.19/44b050a47a938315b300e34da6f26609e12a06f8b0ac8c5901348e7b0cc187ed/sb-vite/deps/chunk-QBNVDZKW.js?v=fd9112b8:8778:20)
    at runWithFiberInDEV (http://localhost:6006/node_modules/.cache/storybook/10.2.19/44b050a47a938315b300e34da6f26609e12a06f8b0ac8c5901348e7b0cc187ed/sb-vite/deps/chunk-QBNVDZKW.js?v=fd9112b8:1084:72)
    at performUnitOfWork (http://localhost:6006/node_modules/.cache/storybook/10.2.19/44b050a47a938315b300e34da6f26609e12a06f8b0ac8c5901348e7b0cc187ed/sb-vite/deps/chunk-QBNVDZKW.js?v=fd9112b8:13469:98)
    at workLoopSync (http://localhost:6006/node_modules/.cache/storybook/10.2.19/44b050a47a938315b300e34da6f26609e12a06f8b0ac8c5901348e7b0cc187ed/sb-vite/deps/chunk-QBNVDZKW.js?v=fd9112b8:13332:43) @ http://localhost:6006/@fs/Users/vyductan/Developer/vyductan/vyductan-react/node_modules/@storybook/nextjs-vite/dist/_browser-chunks/chunk-4ZRKYE2G.js?v=fd9112b8:167
[  751341ms] [ERROR] %o

%s

%s
 Error: Expected component `ComponentPreview` to be defined: you likely forgot to import, pass, or provide it.
    at _missingMdxReference (http://localhost:6006/src/components/checkbox/checkbox.mdx:43:9)
    at _createMdxContent (http://localhost:6006/src/components/checkbox/checkbox.mdx:12:26)
    at MDXContent (http://localhost:6006/src/components/checkbox/checkbox.mdx:40:8)
    at Object.react_stack_bottom_frame (http://localhost:6006/node_modules/.cache/storybook/10.2.19/44b050a47a938315b300e34da6f26609e12a06f8b0ac8c5901348e7b0cc187ed/sb-vite/deps/chunk-QBNVDZKW.js?v=fd9112b8:19863:20)
    at renderWithHooks (http://localhost:6006/node_modules/.cache/storybook/10.2.19/44b050a47a938315b300e34da6f26609e12a06f8b0ac8c5901348e7b0cc187ed/sb-vite/deps/chunk-QBNVDZKW.js?v=fd9112b8:5884:24)
    at updateFunctionComponent (http://localhost:6006/node_modules/.cache/storybook/10.2.19/44b050a47a938315b300e34da6f26609e12a06f8b0ac8c5901348e7b0cc187ed/sb-vite/deps/chunk-QBNVDZKW.js?v=fd9112b8:7716:21)
    at beginWork (http://localhost:6006/node_modules/.cache/storybook/10.2.19/44b050a47a938315b300e34da6f26609e12a06f8b0ac8c5901348e7b0cc187ed/sb-vite/deps/chunk-QBNVDZKW.js?v=fd9112b8:8778:20)
    at runWithFiberInDEV (http://localhost:6006/node_modules/.cache/storybook/10.2.19/44b050a47a938315b300e34da6f26609e12a06f8b0ac8c5901348e7b0cc187ed/sb-vite/deps/chunk-QBNVDZKW.js?v=fd9112b8:1084:72)
    at performUnitOfWork (http://localhost:6006/node_modules/.cache/storybook/10.2.19/44b050a47a938315b300e34da6f26609e12a06f8b0ac8c5901348e7b0cc187ed/sb-vite/deps/chunk-QBNVDZKW.js?v=fd9112b8:13469:98)
    at workLoopSync (http://localhost:6006/node_modules/.cache/storybook/10.2.19/44b050a47a938315b300e34da6f26609e12a06f8b0ac8c5901348e7b0cc187ed/sb-vite/deps/chunk-QBNVDZKW.js?v=fd9112b8:13332:43) The above error occurred in the <MDXContent> component. React will try to recreate this component tree from scratch using the error boundary you provided, ErrorBoundary. @ http://localhost:6006/@fs/Users/vyductan/Developer/vyductan/vyductan-react/node_modules/@storybook/nextjs-vite/dist/_browser-chunks/chunk-4ZRKYE2G.js?v=fd9112b8:167
[  751342ms] [ERROR] Error rendering story 'components-checkbox--docs': @ http://localhost:6006/@fs/Users/vyductan/Developer/vyductan/vyductan-react/node_modules/@storybook/nextjs-vite/dist/_browser-chunks/chunk-4ZRKYE2G.js?v=fd9112b8:167
[  751342ms] [ERROR] Error: Expected component `ComponentPreview` to be defined: you likely forgot to import, pass, or provide it.
    at _missingMdxReference (http://localhost:6006/src/components/checkbox/checkbox.mdx:43:9)
    at _createMdxContent (http://localhost:6006/src/components/checkbox/checkbox.mdx:12:26)
    at MDXContent (http://localhost:6006/src/components/checkbox/checkbox.mdx:40:8)
    at Object.react_stack_bottom_frame (http://localhost:6006/node_modules/.cache/storybook/10.2.19/44b050a47a938315b300e34da6f26609e12a06f8b0ac8c5901348e7b0cc187ed/sb-vite/deps/chunk-QBNVDZKW.js?v=fd9112b8:19863:20)
    at renderWithHooks (http://localhost:6006/node_modules/.cache/storybook/10.2.19/44b050a47a938315b300e34da6f26609e12a06f8b0ac8c5901348e7b0cc187ed/sb-vite/deps/chunk-QBNVDZKW.js?v=fd9112b8:5884:24)
    at updateFunctionComponent (http://localhost:6006/node_modules/.cache/storybook/10.2.19/44b050a47a938315b300e34da6f26609e12a06f8b0ac8c5901348e7b0cc187ed/sb-vite/deps/chunk-QBNVDZKW.js?v=fd9112b8:7716:21)
    at beginWork (http://localhost:6006/node_modules/.cache/storybook/10.2.19/44b050a47a938315b300e34da6f26609e12a06f8b0ac8c5901348e7b0cc187ed/sb-vite/deps/chunk-QBNVDZKW.js?v=fd9112b8:8778:20)
    at runWithFiberInDEV (http://localhost:6006/node_modules/.cache/storybook/10.2.19/44b050a47a938315b300e34da6f26609e12a06f8b0ac8c5901348e7b0cc187ed/sb-vite/deps/chunk-QBNVDZKW.js?v=fd9112b8:1084:72)
    at performUnitOfWork (http://localhost:6006/node_modules/.cache/storybook/10.2.19/44b050a47a938315b300e34da6f26609e12a06f8b0ac8c5901348e7b0cc187ed/sb-vite/deps/chunk-QBNVDZKW.js?v=fd9112b8:13469:98)
    at workLoopSync (http://localhost:6006/node_modules/.cache/storybook/10.2.19/44b050a47a938315b300e34da6f26609e12a06f8b0ac8c5901348e7b0cc187ed/sb-vite/deps/chunk-QBNVDZKW.js?v=fd9112b8:13332:43) @ http://localhost:6006/@fs/Users/vyductan/Developer/vyductan/vyductan-react/node_modules/@storybook/nextjs-vite/dist/_browser-chunks/chunk-4ZRKYE2G.js?v=fd9112b8:167
